app/libs/cwac-colormixer-master/demo/build/outputs/apk/manifest-merger-debug-report.txt
-- Merging decision tree log ---
manifest
ADDED from AndroidManifest.xml:2:1
	xmlns:android
		ADDED from AndroidManifest.xml:2:11
	package
		ADDED from AndroidManifest.xml:3:5
	android:versionName
		ADDED from AndroidManifest.xml:3:76
	android:versionCode
		ADDED from AndroidManifest.xml:3:52
		INJECTED from AndroidManifest.xml:0:0
		INJECTED from AndroidManifest.xml:0:0
supports-screens
ADDED from AndroidManifest.xml:4:3
	android:largeScreens
		ADDED from AndroidManifest.xml:5:21
	android:anyDensity
		ADDED from AndroidManifest.xml:4:21
	android:normalScreens
		ADDED from AndroidManifest.xml:6:21
	android:smallScreens
		ADDED from AndroidManifest.xml:7:21
uses-sdk
ADDED from AndroidManifest.xml:8:3
MERGED from IAD_B:colormixer:unspecified:7:5
	android:targetSdkVersion
		ADDED from AndroidManifest.xml:9:13
	android:minSdkVersion
		ADDED from AndroidManifest.xml:8:13
application
ADDED from AndroidManifest.xml:10:5
MERGED from IAD_B:colormixer:unspecified:9:5
	android:label
		ADDED from AndroidManifest.xml:10:18
activity#com.commonsware.cwac.colormixer.demo.ColorMixerDemo
ADDED from AndroidManifest.xml:11:9
	android:label
		ADDED from AndroidManifest.xml:11:50
	android:name
		ADDED from AndroidManifest.xml:11:19
intent-filter#android.intent.action.MAIN+android.intent.category.LAUNCHER
ADDED from AndroidManifest.xml:12:13
action#android.intent.action.MAIN
ADDED from AndroidManifest.xml:13:17
	android:name
		ADDED from AndroidManifest.xml:13:25
category#android.intent.category.LAUNCHER
ADDED from AndroidManifest.xml:14:17
	android:name
		ADDED from AndroidManifest.xml:14:27
activity#com.commonsware.cwac.colormixer.demo.EditPreferences
ADDED from AndroidManifest.xml:17:9
	android:label
		ADDED from AndroidManifest.xml:17:51
	android:name
		ADDED from AndroidManifest.xml:17:19
activity#com.commonsware.cwac.colormixer.ColorMixerActivity
ADDED from AndroidManifest.xml:19:9
	android:label
		ADDED from AndroidManifest.xml:20:19
	android:theme
		ADDED from AndroidManifest.xml:21:19
	android:name
		ADDED from AndroidManifest.xml:19:19
intent-filter#android.intent.action.PICK
ADDED from AndroidManifest.xml:22:13
action#android.intent.action.PICK
ADDED from AndroidManifest.xml:23:17
	android:name
		ADDED from AndroidManifest.xml:23:25